
Showing logs for build [32mcb-kubecd-environment-pr-183-38-5hxdq-1[0m stage [32mfrom-build-pack[0m and container [32mstep-credential-initializer-fsq6j[0m
{"level":"warn","ts":1584435028.2939093,"logger":"fallback-logger","caller":"logging/config.go:69","msg":"Fetch GitHub commit ID from kodata failed: \"ref: refs/heads/0.8.0-**-support-backwards-incompats\" is not a valid GitHub commit ID"}
{"level":"info","ts":1584435028.294778,"logger":"fallback-logger","caller":"creds-init/main.go:40","msg":"Credentials initialized."}

Showing logs for build [32mcb-kubecd-environment-pr-183-38-5hxdq-1[0m stage [32mfrom-build-pack[0m and container [32mstep-working-dir-initializer-vlzsv[0m
{"level":"warn","ts":1584435029.214462,"logger":"fallback-logger","caller":"logging/config.go:69","msg":"Fetch GitHub commit ID from kodata failed: open /var/run/ko/HEAD: no such file or directory"}
{"level":"info","ts":1584435029.2173924,"logger":"fallback-logger","caller":"bash/main.go:64","msg":"Successfully executed command \"sh -c mkdir -p /workspace/source\"; output "}

Showing logs for build [32mcb-kubecd-environment-pr-183-38-5hxdq-1[0m stage [32mfrom-build-pack[0m and container [32mstep-place-tools[0m

Showing logs for build [32mcb-kubecd-environment-pr-183-38-5hxdq-1[0m stage [32mfrom-build-pack[0m and container [32mstep-git-source-cb-kubecd-environment-pr-183-38-5hxdq-xm6cb[0m
{"level":"warn","ts":1584435032.3252745,"logger":"fallback-logger","caller":"logging/config.go:69","msg":"Fetch GitHub commit ID from kodata failed: \"ref: refs/heads/0.8.0-**-support-backwards-incompats\" is not a valid GitHub commit ID"}
{"level":"info","ts":1584435033.3725667,"logger":"fallback-logger","caller":"git/git.go:103","msg":"Successfully cloned https://github.com/cb-kubecd/environment-pr-183-38-boot-vault-gke-production.git @ master in path /workspace/source"}

Showing logs for build [32mcb-kubecd-environment-pr-183-38-5hxdq-1[0m stage [32mfrom-build-pack[0m and container [32mstep-git-merge[0m
Using SHAs from PULL_REFS=master:632b11eb7cf6f9fc0e8db50422dc3ca71fbaf1c9,1:fe1449f5e8df5e2d799f8c5c940774e7ed87bd89
DEBUG: LC_ALL=C JX_LOG_LEVEL=error git fetch origin --unshallow fe1449f5e8df5e2d799f8c5c940774e7ed87bd89: 632b11eb7cf6f9fc0e8db50422dc3ca71fbaf1c9:
DEBUG: ran git fetch --unshallow origin fe1449f5e8df5e2d799f8c5c940774e7ed87bd89: 632b11eb7cf6f9fc0e8db50422dc3ca71fbaf1c9: in 
DEBUG: LC_ALL=C JX_LOG_LEVEL=error git branch
DEBUG: LC_ALL=C JX_LOG_LEVEL=error git checkout master
DEBUG: ran git checkout master in 
DEBUG: JX_LOG_LEVEL=error LC_ALL=C git reset --hard 632b11eb7cf6f9fc0e8db50422dc3ca71fbaf1c9
DEBUG: ran git reset --hard 632b11eb7cf6f9fc0e8db50422dc3ca71fbaf1c9 in 
DEBUG: JX_LOG_LEVEL=error LC_ALL=C git clean -fd .
DEBUG: ran clean --force -d . in 
DEBUG: LC_ALL=C JX_LOG_LEVEL=error git merge fe1449f5e8df5e2d799f8c5c940774e7ed87bd89
DEBUG: ran git merge fe1449f5e8df5e2d799f8c5c940774e7ed87bd89 in 
DEBUG: JX_LOG_LEVEL=error LC_ALL=C git log --format=%H%x1f%an%x1f%ae%x1f%cn%x1f%ce%x1f%s%n%b%x1e 632b11eb7cf6f9fc0e8db50422dc3ca71fbaf1c9..HEAD
Merged SHA fe1449f5e8df5e2d799f8c5c940774e7ed87bd89 with commit message 'chore: Promote bdd-spring-1584433879 to version 0.0.1' into base branch master

Showing logs for build [32mcb-kubecd-environment-pr-183-38-5hxdq-1[0m stage [32mfrom-build-pack[0m and container [32mstep-build-helm-build[0m
WARNING: No $CHART_REPOSITORY defined so using the default value of: http://jenkins-x-chartmuseum:8080
Adding missing Helm repo: storage.googleapis.com https://storage.googleapis.com/chartmuseum.jenkins-x.io
WARNING: No secrets found on "helm/repos" due: reading the secret "helm/repos" from vault: no secret "helm/repos" not found in vault
Read credentials for https://storage.googleapis.com/chartmuseum.jenkins-x.io from vault helm/repos
Successfully added Helm repository storage.googleapis.com.
Adding missing Helm repo: jenkins-x-chartmuseum http://jenkins-x-chartmuseum:8080
WARNING: No secrets found on "helm/repos" due: reading the secret "helm/repos" from vault: no secret "helm/repos" not found in vault
Read credentials for http://jenkins-x-chartmuseum:8080 from vault helm/repos
Successfully added Helm repository jenkins-x-chartmuseum.
WARNING: No $CHART_REPOSITORY defined so using the default value of: http://jenkins-x-chartmuseum:8080
Adding missing Helm repo: chartmuseum.jenkins-x.io http://chartmuseum.jenkins-x.io
WARNING: No secrets found on "helm/repos" due: reading the secret "helm/repos" from vault: no secret "helm/repos" not found in vault
Read credentials for http://chartmuseum.jenkins-x.io from vault helm/repos
Successfully added Helm repository chartmuseum.jenkins-x.io.
